2021-04-07 23:18:44,679 [Worker-0] INFO  c.g.t.t.d.PublishedGradleVersions - Gradle version information cache is out-of-date. Trying to update.
2021-04-07 23:22:27,566 [Worker-13] ERROR org.eclipse.jgit.util.FS - Caught exception in FS.readPipe()
java.io.IOException: Cannot run program "git" (in directory "\usr\bin"): CreateProcess error=2, The system cannot find the file specified
	at java.lang.ProcessBuilder.start(Unknown Source) ~[na:1.8.0_241]
	at org.eclipse.jgit.util.FS.readPipe(FS.java:491) [org.eclipse.jgit_4.4.1.201607150455-r.jar:4.4.1.201607150455-r]
	at org.eclipse.jgit.util.FS.readPipe(FS.java:459) [org.eclipse.jgit_4.4.1.201607150455-r.jar:4.4.1.201607150455-r]
	at org.eclipse.jgit.util.FS.discoverGitSystemConfig(FS.java:592) [org.eclipse.jgit_4.4.1.201607150455-r.jar:4.4.1.201607150455-r]
	at org.eclipse.jgit.util.FS.getGitSystemConfig(FS.java:621) [org.eclipse.jgit_4.4.1.201607150455-r.jar:4.4.1.201607150455-r]
	at org.eclipse.jgit.util.SystemReader$Default.openSystemConfig(SystemReader.java:97) [org.eclipse.jgit_4.4.1.201607150455-r.jar:4.4.1.201607150455-r]
	at org.eclipse.jgit.internal.storage.file.FileRepository.<init>(FileRepository.java:176) [org.eclipse.jgit_4.4.1.201607150455-r.jar:4.4.1.201607150455-r]
	at org.eclipse.jgit.storage.file.FileRepositoryBuilder.build(FileRepositoryBuilder.java:92) [org.eclipse.jgit_4.4.1.201607150455-r.jar:4.4.1.201607150455-r]
	at org.eclipse.jgit.storage.file.FileRepositoryBuilder.create(FileRepositoryBuilder.java:111) [org.eclipse.jgit_4.4.1.201607150455-r.jar:4.4.1.201607150455-r]
	at org.eclipse.egit.core.RepositoryCache.lookupRepository(RepositoryCache.java:57) [org.eclipse.egit.core_4.4.1.201607150455-r.jar:na]
	at org.eclipse.egit.core.project.GitProjectData.map(GitProjectData.java:689) [org.eclipse.egit.core_4.4.1.201607150455-r.jar:na]
	at org.eclipse.egit.core.project.GitProjectData.remapAll(GitProjectData.java:647) [org.eclipse.egit.core_4.4.1.201607150455-r.jar:na]
	at org.eclipse.egit.core.project.GitProjectData.setRepositoryMappings(GitProjectData.java:456) [org.eclipse.egit.core_4.4.1.201607150455-r.jar:na]
	at org.eclipse.egit.core.op.ConnectProviderOperation.connectProject(ConnectProviderOperation.java:142) [org.eclipse.egit.core_4.4.1.201607150455-r.jar:na]
	at org.eclipse.egit.core.op.ConnectProviderOperation.execute(ConnectProviderOperation.java:100) [org.eclipse.egit.core_4.4.1.201607150455-r.jar:na]
	at org.eclipse.egit.core.internal.job.JobUtil$1.run(JobUtil.java:53) [org.eclipse.egit.core_4.4.1.201607150455-r.jar:na]
	at org.eclipse.core.internal.jobs.Worker.run(Worker.java:55) [org.eclipse.core.jobs_3.8.0.v20160509-0411.jar:na]
Caused by: java.io.IOException: CreateProcess error=2, The system cannot find the file specified
	at java.lang.ProcessImpl.create(Native Method) ~[na:1.8.0_241]
	at java.lang.ProcessImpl.<init>(Unknown Source) ~[na:1.8.0_241]
	at java.lang.ProcessImpl.start(Unknown Source) ~[na:1.8.0_241]
	... 17 common frames omitted
2021-04-07 23:22:28,023 [Worker-13] ERROR org.eclipse.jgit.util.FS - Caught exception in FS.readPipe()
java.io.IOException: Cannot run program "git" (in directory "\usr\bin"): CreateProcess error=2, The system cannot find the file specified
	at java.lang.ProcessBuilder.start(Unknown Source) ~[na:1.8.0_241]
	at org.eclipse.jgit.util.FS.readPipe(FS.java:491) [org.eclipse.jgit_4.4.1.201607150455-r.jar:4.4.1.201607150455-r]
	at org.eclipse.jgit.util.FS.discoverGitSystemConfig(FS.java:604) [org.eclipse.jgit_4.4.1.201607150455-r.jar:4.4.1.201607150455-r]
	at org.eclipse.jgit.util.FS.getGitSystemConfig(FS.java:621) [org.eclipse.jgit_4.4.1.201607150455-r.jar:4.4.1.201607150455-r]
	at org.eclipse.jgit.util.SystemReader$Default.openSystemConfig(SystemReader.java:97) [org.eclipse.jgit_4.4.1.201607150455-r.jar:4.4.1.201607150455-r]
	at org.eclipse.jgit.internal.storage.file.FileRepository.<init>(FileRepository.java:176) [org.eclipse.jgit_4.4.1.201607150455-r.jar:4.4.1.201607150455-r]
	at org.eclipse.jgit.storage.file.FileRepositoryBuilder.build(FileRepositoryBuilder.java:92) [org.eclipse.jgit_4.4.1.201607150455-r.jar:4.4.1.201607150455-r]
	at org.eclipse.jgit.storage.file.FileRepositoryBuilder.create(FileRepositoryBuilder.java:111) [org.eclipse.jgit_4.4.1.201607150455-r.jar:4.4.1.201607150455-r]
	at org.eclipse.egit.core.RepositoryCache.lookupRepository(RepositoryCache.java:57) [org.eclipse.egit.core_4.4.1.201607150455-r.jar:na]
	at org.eclipse.egit.core.project.GitProjectData.map(GitProjectData.java:689) [org.eclipse.egit.core_4.4.1.201607150455-r.jar:na]
	at org.eclipse.egit.core.project.GitProjectData.remapAll(GitProjectData.java:647) [org.eclipse.egit.core_4.4.1.201607150455-r.jar:na]
	at org.eclipse.egit.core.project.GitProjectData.setRepositoryMappings(GitProjectData.java:456) [org.eclipse.egit.core_4.4.1.201607150455-r.jar:na]
	at org.eclipse.egit.core.op.ConnectProviderOperation.connectProject(ConnectProviderOperation.java:142) [org.eclipse.egit.core_4.4.1.201607150455-r.jar:na]
	at org.eclipse.egit.core.op.ConnectProviderOperation.execute(ConnectProviderOperation.java:100) [org.eclipse.egit.core_4.4.1.201607150455-r.jar:na]
	at org.eclipse.egit.core.internal.job.JobUtil$1.run(JobUtil.java:53) [org.eclipse.egit.core_4.4.1.201607150455-r.jar:na]
	at org.eclipse.core.internal.jobs.Worker.run(Worker.java:55) [org.eclipse.core.jobs_3.8.0.v20160509-0411.jar:na]
Caused by: java.io.IOException: CreateProcess error=2, The system cannot find the file specified
	at java.lang.ProcessImpl.create(Native Method) ~[na:1.8.0_241]
	at java.lang.ProcessImpl.<init>(Unknown Source) ~[na:1.8.0_241]
	at java.lang.ProcessImpl.start(Unknown Source) ~[na:1.8.0_241]
	... 16 common frames omitted
2021-04-11 11:31:34,777 [Worker-12: Loading available Gradle versions] INFO  o.e.b.c.i.u.g.PublishedGradleVersions - Gradle version information cache is not available. Remote download required.
2021-04-12 13:35:25,203 [Worker-11: Loading available Gradle versions] INFO  o.e.b.c.i.u.g.PublishedGradleVersions - Gradle version information cache is out-of-date. Trying to update.
2021-04-12 18:21:13,715 [Worker-0: Loading available Gradle versions] INFO  o.e.b.c.i.u.g.PublishedGradleVersions - Gradle version information cache is up-to-date. Trying to read.
2021-04-12 21:44:45,921 [Worker-3: Loading available Gradle versions] INFO  o.e.b.c.i.u.g.PublishedGradleVersions - Gradle version information cache is up-to-date. Trying to read.
2021-04-13 08:04:57,154 [Worker-8: Loading available Gradle versions] INFO  o.e.b.c.i.u.g.PublishedGradleVersions - Gradle version information cache is up-to-date. Trying to read.
2021-04-13 10:45:20,020 [Worker-3: Loading available Gradle versions] INFO  o.e.b.c.i.u.g.PublishedGradleVersions - Gradle version information cache is up-to-date. Trying to read.
2021-04-13 20:37:04,974 [Worker-0: Loading available Gradle versions] INFO  o.e.b.c.i.u.g.PublishedGradleVersions - Gradle version information cache is out-of-date. Trying to update.
